<?xml version="1.0" encoding="UTF-8"?>
<!-- Generated by org.testng.reporters.JUnitXMLReporter -->
<testsuite ignored="0" hostname="DESKTOP-AK2FD4J" failures="0" tests="2" name="Surefire test" time="6.885" errors="0" timestamp="15 Feb 2026 15:38:53 GMT">
  <testcase classname="com.guru.BaseTest" name="@BeforeMethod setUp" time="4.531">
    <failure type="org.openqa.selenium.SessionNotCreatedException" message="session not created: This version of ChromeDriver only supports Chrome version 114
Current browser version is 144.0.7559.133 with binary path C:\Program Files\Google\Chrome\Application\chrome.exe
Build info: version: &amp;apos;3.8.1&amp;apos;, revision: &amp;apos;6e95a6684b&amp;apos;, time: &amp;apos;2017-12-01T18:33:54.468Z&amp;apos;
System info: host: &amp;apos;DESKTOP-AK2FD4J&amp;apos;, ip: &amp;apos;192.168.100.9&amp;apos;, os.name: &amp;apos;Windows 10&amp;apos;, os.arch: &amp;apos;amd64&amp;apos;, os.version: &amp;apos;10.0&amp;apos;, java.version: &amp;apos;24.0.2&amp;apos;
Driver info: driver.version: ChromeDriver
remote stacktrace: Backtrace:
	GetHandleVerifier [0x00D1A813+48355]
	(No symbol) [0x00CAC4B1]
	(No symbol) [0x00BB5358]
	(No symbol) [0x00BD61AC]
	(No symbol) [0x00BD1EF3]
	(No symbol) [0x00BD0579]
	(No symbol) [0x00C00C55]
	(No symbol) [0x00C0093C]
	(No symbol) [0x00BFA536]
	(No symbol) [0x00BD82DC]
	(No symbol) [0x00BD93DD]
	GetHandleVerifier [0x00F7AABD+2539405]
	GetHandleVerifier [0x00FBA78F+2800735]
	GetHandleVerifier [0x00FB456C+2775612]
	GetHandleVerifier [0x00DA51E0+616112]
	(No symbol) [0x00CB5F8C]
	(No symbol) [0x00CB2328]
	(No symbol) [0x00CB240B]
	(No symbol) [0x00CA4FF7]
	BaseThreadInitThunk [0x75BCFCC9+25]
	RtlGetAppContainerNamedObjectPath [0x777482AE+286]
	RtlGetAppContainerNamedObjectPath [0x7774827E+238]
">
      <![CDATA[org.openqa.selenium.SessionNotCreatedException: session not created: This version of ChromeDriver only supports Chrome version 114
Current browser version is 144.0.7559.133 with binary path C:\Program Files\Google\Chrome\Application\chrome.exe
Build info: version: '3.8.1', revision: '6e95a6684b', time: '2017-12-01T18:33:54.468Z'
System info: host: 'DESKTOP-AK2FD4J', ip: '192.168.100.9', os.name: 'Windows 10', os.arch: 'amd64', os.version: '10.0', java.version: '24.0.2'
Driver info: driver.version: ChromeDriver
remote stacktrace: Backtrace:
GetHandleVerifier [0x00D1A813+48355]
(No symbol) [0x00CAC4B1]
(No symbol) [0x00BB5358]
(No symbol) [0x00BD61AC]
(No symbol) [0x00BD1EF3]
(No symbol) [0x00BD0579]
(No symbol) [0x00C00C55]
(No symbol) [0x00C0093C]
(No symbol) [0x00BFA536]
(No symbol) [0x00BD82DC]
(No symbol) [0x00BD93DD]
GetHandleVerifier [0x00F7AABD+2539405]
GetHandleVerifier [0x00FBA78F+2800735]
GetHandleVerifier [0x00FB456C+2775612]
GetHandleVerifier [0x00DA51E0+616112]
(No symbol) [0x00CB5F8C]
(No symbol) [0x00CB2328]
(No symbol) [0x00CB240B]
(No symbol) [0x00CA4FF7]
BaseThreadInitThunk [0x75BCFCC9+25]
RtlGetAppContainerNamedObjectPath [0x777482AE+286]
RtlGetAppContainerNamedObjectPath [0x7774827E+238]

at org.openqa.selenium.remote.W3CHandshakeResponse.lambda$new$0(W3CHandshakeResponse.java:57)
at org.openqa.selenium.remote.W3CHandshakeResponse.lambda$getResponseFunction$2(W3CHandshakeResponse.java:104)
at org.openqa.selenium.remote.ProtocolHandshake.lambda$createSession$0(ProtocolHandshake.java:123)
at java.base/java.util.stream.ReferencePipeline$3$1.accept(ReferencePipeline.java:215)
at java.base/java.util.Spliterators$ArraySpliterator.tryAdvance(Spliterators.java:1034)
at java.base/java.util.stream.ReferencePipeline.forEachWithCancel(ReferencePipeline.java:147)
at java.base/java.util.stream.AbstractPipeline.copyIntoWithCancel(AbstractPipeline.java:588)
at java.base/java.util.stream.AbstractPipeline.copyInto(AbstractPipeline.java:574)
at java.base/java.util.stream.AbstractPipeline.wrapAndCopyInto(AbstractPipeline.java:560)
at java.base/java.util.stream.FindOps$FindOp.evaluateSequential(FindOps.java:150)
at java.base/java.util.stream.AbstractPipeline.evaluate(AbstractPipeline.java:265)
at java.base/java.util.stream.ReferencePipeline.findFirst(ReferencePipeline.java:687)
at org.openqa.selenium.remote.ProtocolHandshake.createSession(ProtocolHandshake.java:126)
at org.openqa.selenium.remote.ProtocolHandshake.createSession(ProtocolHandshake.java:73)
at org.openqa.selenium.remote.HttpCommandExecutor.execute(HttpCommandExecutor.java:142)
at org.openqa.selenium.remote.service.DriverCommandExecutor.execute(DriverCommandExecutor.java:83)
at org.openqa.selenium.remote.RemoteWebDriver.execute(RemoteWebDriver.java:601)
at org.openqa.selenium.remote.RemoteWebDriver.startSession(RemoteWebDriver.java:219)
at org.openqa.selenium.remote.RemoteWebDriver.<init>(RemoteWebDriver.java:142)
at org.openqa.selenium.chrome.ChromeDriver.<init>(ChromeDriver.java:181)
at org.openqa.selenium.chrome.ChromeDriver.<init>(ChromeDriver.java:168)
at org.openqa.selenium.chrome.ChromeDriver.<init>(ChromeDriver.java:123)
at com.guru.BaseTest.browserSetUp(BaseTest.java:17)
at com.guru.BaseTest.setUp(BaseTest.java:24)
... Removed 34 stack frames]]>
    </failure>
  </testcase> <!-- @BeforeMethod setUp -->
  <testcase classname="com.guru.BaseTest" name="@AfterMethod quit" time="0.0">
    <skipped/>
  </testcase> <!-- @AfterMethod quit -->
  <testcase classname="com.guru.BaseTest" name="@BeforeMethod setUp" time="2.16">
    <failure type="org.openqa.selenium.SessionNotCreatedException" message="session not created: This version of ChromeDriver only supports Chrome version 114
Current browser version is 144.0.7559.133 with binary path C:\Program Files\Google\Chrome\Application\chrome.exe
Build info: version: &amp;apos;3.8.1&amp;apos;, revision: &amp;apos;6e95a6684b&amp;apos;, time: &amp;apos;2017-12-01T18:33:54.468Z&amp;apos;
System info: host: &amp;apos;DESKTOP-AK2FD4J&amp;apos;, ip: &amp;apos;192.168.100.9&amp;apos;, os.name: &amp;apos;Windows 10&amp;apos;, os.arch: &amp;apos;amd64&amp;apos;, os.version: &amp;apos;10.0&amp;apos;, java.version: &amp;apos;24.0.2&amp;apos;
Driver info: driver.version: ChromeDriver
remote stacktrace: Backtrace:
	GetHandleVerifier [0x00D1A813+48355]
	(No symbol) [0x00CAC4B1]
	(No symbol) [0x00BB5358]
	(No symbol) [0x00BD61AC]
	(No symbol) [0x00BD1EF3]
	(No symbol) [0x00BD0579]
	(No symbol) [0x00C00C55]
	(No symbol) [0x00C0093C]
	(No symbol) [0x00BFA536]
	(No symbol) [0x00BD82DC]
	(No symbol) [0x00BD93DD]
	GetHandleVerifier [0x00F7AABD+2539405]
	GetHandleVerifier [0x00FBA78F+2800735]
	GetHandleVerifier [0x00FB456C+2775612]
	GetHandleVerifier [0x00DA51E0+616112]
	(No symbol) [0x00CB5F8C]
	(No symbol) [0x00CB2328]
	(No symbol) [0x00CB240B]
	(No symbol) [0x00CA4FF7]
	BaseThreadInitThunk [0x75BCFCC9+25]
	RtlGetAppContainerNamedObjectPath [0x777482AE+286]
	RtlGetAppContainerNamedObjectPath [0x7774827E+238]
">
      <![CDATA[org.openqa.selenium.SessionNotCreatedException: session not created: This version of ChromeDriver only supports Chrome version 114
Current browser version is 144.0.7559.133 with binary path C:\Program Files\Google\Chrome\Application\chrome.exe
Build info: version: '3.8.1', revision: '6e95a6684b', time: '2017-12-01T18:33:54.468Z'
System info: host: 'DESKTOP-AK2FD4J', ip: '192.168.100.9', os.name: 'Windows 10', os.arch: 'amd64', os.version: '10.0', java.version: '24.0.2'
Driver info: driver.version: ChromeDriver
remote stacktrace: Backtrace:
GetHandleVerifier [0x00D1A813+48355]
(No symbol) [0x00CAC4B1]
(No symbol) [0x00BB5358]
(No symbol) [0x00BD61AC]
(No symbol) [0x00BD1EF3]
(No symbol) [0x00BD0579]
(No symbol) [0x00C00C55]
(No symbol) [0x00C0093C]
(No symbol) [0x00BFA536]
(No symbol) [0x00BD82DC]
(No symbol) [0x00BD93DD]
GetHandleVerifier [0x00F7AABD+2539405]
GetHandleVerifier [0x00FBA78F+2800735]
GetHandleVerifier [0x00FB456C+2775612]
GetHandleVerifier [0x00DA51E0+616112]
(No symbol) [0x00CB5F8C]
(No symbol) [0x00CB2328]
(No symbol) [0x00CB240B]
(No symbol) [0x00CA4FF7]
BaseThreadInitThunk [0x75BCFCC9+25]
RtlGetAppContainerNamedObjectPath [0x777482AE+286]
RtlGetAppContainerNamedObjectPath [0x7774827E+238]

at org.openqa.selenium.remote.W3CHandshakeResponse.lambda$new$0(W3CHandshakeResponse.java:57)
at org.openqa.selenium.remote.W3CHandshakeResponse.lambda$getResponseFunction$2(W3CHandshakeResponse.java:104)
at org.openqa.selenium.remote.ProtocolHandshake.lambda$createSession$0(ProtocolHandshake.java:123)
at java.base/java.util.stream.ReferencePipeline$3$1.accept(ReferencePipeline.java:215)
at java.base/java.util.Spliterators$ArraySpliterator.tryAdvance(Spliterators.java:1034)
at java.base/java.util.stream.ReferencePipeline.forEachWithCancel(ReferencePipeline.java:147)
at java.base/java.util.stream.AbstractPipeline.copyIntoWithCancel(AbstractPipeline.java:588)
at java.base/java.util.stream.AbstractPipeline.copyInto(AbstractPipeline.java:574)
at java.base/java.util.stream.AbstractPipeline.wrapAndCopyInto(AbstractPipeline.java:560)
at java.base/java.util.stream.FindOps$FindOp.evaluateSequential(FindOps.java:150)
at java.base/java.util.stream.AbstractPipeline.evaluate(AbstractPipeline.java:265)
at java.base/java.util.stream.ReferencePipeline.findFirst(ReferencePipeline.java:687)
at org.openqa.selenium.remote.ProtocolHandshake.createSession(ProtocolHandshake.java:126)
at org.openqa.selenium.remote.ProtocolHandshake.createSession(ProtocolHandshake.java:73)
at org.openqa.selenium.remote.HttpCommandExecutor.execute(HttpCommandExecutor.java:142)
at org.openqa.selenium.remote.service.DriverCommandExecutor.execute(DriverCommandExecutor.java:83)
at org.openqa.selenium.remote.RemoteWebDriver.execute(RemoteWebDriver.java:601)
at org.openqa.selenium.remote.RemoteWebDriver.startSession(RemoteWebDriver.java:219)
at org.openqa.selenium.remote.RemoteWebDriver.<init>(RemoteWebDriver.java:142)
at org.openqa.selenium.chrome.ChromeDriver.<init>(ChromeDriver.java:181)
at org.openqa.selenium.chrome.ChromeDriver.<init>(ChromeDriver.java:168)
at org.openqa.selenium.chrome.ChromeDriver.<init>(ChromeDriver.java:123)
at com.guru.BaseTest.browserSetUp(BaseTest.java:17)
at com.guru.BaseTest.setUp(BaseTest.java:24)
... Removed 34 stack frames]]>
    </failure>
  </testcase> <!-- @BeforeMethod setUp -->
  <testcase classname="com.guru.BaseTest" name="@AfterMethod quit" time="0.0">
    <skipped/>
  </testcase> <!-- @AfterMethod quit -->
  <testcase classname="com.guru.AssignTariffPlanToCustomer_TestCase" name="TestCase2" time="0.0">
    <skipped/>
  </testcase> <!-- TestCase2 -->
  <testcase classname="com.guru.CustomerIDPage_TestCase" name="Test" time="0.0">
    <skipped/>
  </testcase> <!-- Test -->
</testsuite> <!-- Surefire test -->
