<?xml version="1.0" encoding="UTF-8"?>
<testsuite xmlns:xsi="http://www.w3.org/2001/XMLSchema-instance" xsi:noNamespaceSchemaLocation="https://maven.apache.org/surefire/maven-surefire-plugin/xsd/surefire-test-report.xsd" name="TestSuite" time="7.742" tests="6" errors="0" skipped="4" failures="2">
  <properties>
[...]
</properties>
  <testcase name="setUp" classname="com.guru.AssignTariffPlanToCustomer_TestCase" time="5.147">
    <failure message="session not created: This version of ChromeDriver only supports Chrome version 114&#10;Current browser version is 144.0.7559.133 with binary path C:\Program Files\Google\Chrome\Application\chrome.exe&#10;Build info: version: &apos;3.8.1&apos;, revision: &apos;6e95a6684b&apos;, time: &apos;2017-12-01T18:33:54.468Z&apos;&#10;System info: host: &apos;DESKTOP-AK2FD4J&apos;, ip: &apos;192.168.100.9&apos;, os.name: &apos;Windows 10&apos;, os.arch: &apos;amd64&apos;, os.version: &apos;10.0&apos;, java.version: &apos;24.0.2&apos;&#10;Driver info: driver.version: ChromeDriver&#10;remote stacktrace: Backtrace:&#10;	GetHandleVerifier [0x00D1A813+48355]&#10;	(No symbol) [0x00CAC4B1]&#10;	(No symbol) [0x00BB5358]&#10;	(No symbol) [0x00BD61AC]&#10;	(No symbol) [0x00BD1EF3]&#10;	(No symbol) [0x00BD0579]&#10;	(No symbol) [0x00C00C55]&#10;	(No symbol) [0x00C0093C]&#10;	(No symbol) [0x00BFA536]&#10;	(No symbol) [0x00BD82DC]&#10;	(No symbol) [0x00BD93DD]&#10;	GetHandleVerifier [0x00F7AABD+2539405]&#10;	GetHandleVerifier [0x00FBA78F+2800735]&#10;	GetHandleVerifier [0x00FB456C+2775612]&#10;	GetHandleVerifier [0x00DA51E0+616112]&#10;	(No symbol) [0x00CB5F8C]&#10;	(No symbol) [0x00CB2328]&#10;	(No symbol) [0x00CB240B]&#10;	(No symbol) [0x00CA4FF7]&#10;	BaseThreadInitThunk [0x75BCFCC9+25]&#10;	RtlGetAppContainerNamedObjectPath [0x777482AE+286]&#10;	RtlGetAppContainerNamedObjectPath [0x7774827E+238]&#10;" type="org.openqa.selenium.SessionNotCreatedException">org.openqa.selenium.SessionNotCreatedException: 
session not created: This version of ChromeDriver only supports Chrome version 114
Current browser version is 144.0.7559.133 with binary path C:\Program Files\Google\Chrome\Application\chrome.exe
Build info: version: '3.8.1', revision: '6e95a6684b', time: '2017-12-01T18:33:54.468Z'
System info: host: 'DESKTOP-AK2FD4J', ip: '192.168.100.9', os.name: 'Windows 10', os.arch: 'amd64', os.version: '10.0', java.version: '24.0.2'
Driver info: driver.version: ChromeDriver
remote stacktrace: Backtrace:
	GetHandleVerifier [0x00D1A813+48355]
	(No symbol) [0x00CAC4B1]
	(No symbol) [0x00BB5358]
	(No symbol) [0x00BD61AC]
	(No symbol) [0x00BD1EF3]
	(No symbol) [0x00BD0579]
	(No symbol) [0x00C00C55]
	(No symbol) [0x00C0093C]
	(No symbol) [0x00BFA536]
	(No symbol) [0x00BD82DC]
	(No symbol) [0x00BD93DD]
	GetHandleVerifier [0x00F7AABD+2539405]
	GetHandleVerifier [0x00FBA78F+2800735]
	GetHandleVerifier [0x00FB456C+2775612]
	GetHandleVerifier [0x00DA51E0+616112]
	(No symbol) [0x00CB5F8C]
	(No symbol) [0x00CB2328]
	(No symbol) [0x00CB240B]
	(No symbol) [0x00CA4FF7]
	BaseThreadInitThunk [0x75BCFCC9+25]
	RtlGetAppContainerNamedObjectPath [0x777482AE+286]
	RtlGetAppContainerNamedObjectPath [0x7774827E+238]

</failure>
    <system-err><![CDATA[SLF4J: Failed to load class "org.slf4j.impl.StaticLoggerBinder".
SLF4J: Defaulting to no-operation (NOP) logger implementation
SLF4J: See http://www.slf4j.org/codes.html#StaticLoggerBinder for further details.
Starting ChromeDriver 114.0.5735.90 (386bc09e8f4f2e025eddae123f36f6263096ae49-refs/branch-heads/5735@{#1052}) on port 13293
Only local connections are allowed.
Please see https://chromedriver.chromium.org/security-considerations for suggestions on keeping ChromeDriver safe.
ChromeDriver was started successfully.
]]></system-err>
  </testcase>
  <testcase name="TestCase2" classname="com.guru.AssignTariffPlanToCustomer_TestCase" time="0">
    <skipped message="session not created: This version of ChromeDriver only supports Chrome version 114&#10;Current browser version is 144.0.7559.133 with binary path C:\Program Files\Google\Chrome\Application\chrome.exe&#10;Build info: version: &apos;3.8.1&apos;, revision: &apos;6e95a6684b&apos;, time: &apos;2017-12-01T18:33:54.468Z&apos;&#10;System info: host: &apos;DESKTOP-AK2FD4J&apos;, ip: &apos;192.168.100.9&apos;, os.name: &apos;Windows 10&apos;, os.arch: &apos;amd64&apos;, os.version: &apos;10.0&apos;, java.version: &apos;24.0.2&apos;&#10;Driver info: driver.version: ChromeDriver&#10;remote stacktrace: Backtrace:&#10;	GetHandleVerifier [0x00D1A813+48355]&#10;	(No symbol) [0x00CAC4B1]&#10;	(No symbol) [0x00BB5358]&#10;	(No symbol) [0x00BD61AC]&#10;	(No symbol) [0x00BD1EF3]&#10;	(No symbol) [0x00BD0579]&#10;	(No symbol) [0x00C00C55]&#10;	(No symbol) [0x00C0093C]&#10;	(No symbol) [0x00BFA536]&#10;	(No symbol) [0x00BD82DC]&#10;	(No symbol) [0x00BD93DD]&#10;	GetHandleVerifier [0x00F7AABD+2539405]&#10;	GetHandleVerifier [0x00FBA78F+2800735]&#10;	GetHandleVerifier [0x00FB456C+2775612]&#10;	GetHandleVerifier [0x00DA51E0+616112]&#10;	(No symbol) [0x00CB5F8C]&#10;	(No symbol) [0x00CB2328]&#10;	(No symbol) [0x00CB240B]&#10;	(No symbol) [0x00CA4FF7]&#10;	BaseThreadInitThunk [0x75BCFCC9+25]&#10;	RtlGetAppContainerNamedObjectPath [0x777482AE+286]&#10;	RtlGetAppContainerNamedObjectPath [0x7774827E+238]&#10;"/>
  </testcase>
  <testcase name="quit" classname="com.guru.AssignTariffPlanToCustomer_TestCase" time="0">
    <skipped/>
  </testcase>
  <testcase name="setUp" classname="com.guru.CustomerIDPage_TestCase" time="7.332">
    <failure message="session not created: This version of ChromeDriver only supports Chrome version 114&#10;Current browser version is 144.0.7559.133 with binary path C:\Program Files\Google\Chrome\Application\chrome.exe&#10;Build info: version: &apos;3.8.1&apos;, revision: &apos;6e95a6684b&apos;, time: &apos;2017-12-01T18:33:54.468Z&apos;&#10;System info: host: &apos;DESKTOP-AK2FD4J&apos;, ip: &apos;192.168.100.9&apos;, os.name: &apos;Windows 10&apos;, os.arch: &apos;amd64&apos;, os.version: &apos;10.0&apos;, java.version: &apos;24.0.2&apos;&#10;Driver info: driver.version: ChromeDriver&#10;remote stacktrace: Backtrace:&#10;	GetHandleVerifier [0x00D1A813+48355]&#10;	(No symbol) [0x00CAC4B1]&#10;	(No symbol) [0x00BB5358]&#10;	(No symbol) [0x00BD61AC]&#10;	(No symbol) [0x00BD1EF3]&#10;	(No symbol) [0x00BD0579]&#10;	(No symbol) [0x00C00C55]&#10;	(No symbol) [0x00C0093C]&#10;	(No symbol) [0x00BFA536]&#10;	(No symbol) [0x00BD82DC]&#10;	(No symbol) [0x00BD93DD]&#10;	GetHandleVerifier [0x00F7AABD+2539405]&#10;	GetHandleVerifier [0x00FBA78F+2800735]&#10;	GetHandleVerifier [0x00FB456C+2775612]&#10;	GetHandleVerifier [0x00DA51E0+616112]&#10;	(No symbol) [0x00CB5F8C]&#10;	(No symbol) [0x00CB2328]&#10;	(No symbol) [0x00CB240B]&#10;	(No symbol) [0x00CA4FF7]&#10;	BaseThreadInitThunk [0x75BCFCC9+25]&#10;	RtlGetAppContainerNamedObjectPath [0x777482AE+286]&#10;	RtlGetAppContainerNamedObjectPath [0x7774827E+238]&#10;" type="org.openqa.selenium.SessionNotCreatedException">org.openqa.selenium.SessionNotCreatedException: 
session not created: This version of ChromeDriver only supports Chrome version 114
Current browser version is 144.0.7559.133 with binary path C:\Program Files\Google\Chrome\Application\chrome.exe
Build info: version: '3.8.1', revision: '6e95a6684b', time: '2017-12-01T18:33:54.468Z'
System info: host: 'DESKTOP-AK2FD4J', ip: '192.168.100.9', os.name: 'Windows 10', os.arch: 'amd64', os.version: '10.0', java.version: '24.0.2'
Driver info: driver.version: ChromeDriver
remote stacktrace: Backtrace:
	GetHandleVerifier [0x00D1A813+48355]
	(No symbol) [0x00CAC4B1]
	(No symbol) [0x00BB5358]
	(No symbol) [0x00BD61AC]
	(No symbol) [0x00BD1EF3]
	(No symbol) [0x00BD0579]
	(No symbol) [0x00C00C55]
	(No symbol) [0x00C0093C]
	(No symbol) [0x00BFA536]
	(No symbol) [0x00BD82DC]
	(No symbol) [0x00BD93DD]
	GetHandleVerifier [0x00F7AABD+2539405]
	GetHandleVerifier [0x00FBA78F+2800735]
	GetHandleVerifier [0x00FB456C+2775612]
	GetHandleVerifier [0x00DA51E0+616112]
	(No symbol) [0x00CB5F8C]
	(No symbol) [0x00CB2328]
	(No symbol) [0x00CB240B]
	(No symbol) [0x00CA4FF7]
	BaseThreadInitThunk [0x75BCFCC9+25]
	RtlGetAppContainerNamedObjectPath [0x777482AE+286]
	RtlGetAppContainerNamedObjectPath [0x7774827E+238]

</failure>
    <system-err><![CDATA[Starting ChromeDriver 114.0.5735.90 (386bc09e8f4f2e025eddae123f36f6263096ae49-refs/branch-heads/5735@{#1052}) on port 20500
Only local connections are allowed.
Please see https://chromedriver.chromium.org/security-considerations for suggestions on keeping ChromeDriver safe.
ChromeDriver was started successfully.
]]></system-err>
  </testcase>
  <testcase name="Test" classname="com.guru.CustomerIDPage_TestCase" time="0">
    <skipped message="session not created: This version of ChromeDriver only supports Chrome version 114&#10;Current browser version is 144.0.7559.133 with binary path C:\Program Files\Google\Chrome\Application\chrome.exe&#10;Build info: version: &apos;3.8.1&apos;, revision: &apos;6e95a6684b&apos;, time: &apos;2017-12-01T18:33:54.468Z&apos;&#10;System info: host: &apos;DESKTOP-AK2FD4J&apos;, ip: &apos;192.168.100.9&apos;, os.name: &apos;Windows 10&apos;, os.arch: &apos;amd64&apos;, os.version: &apos;10.0&apos;, java.version: &apos;24.0.2&apos;&#10;Driver info: driver.version: ChromeDriver&#10;remote stacktrace: Backtrace:&#10;	GetHandleVerifier [0x00D1A813+48355]&#10;	(No symbol) [0x00CAC4B1]&#10;	(No symbol) [0x00BB5358]&#10;	(No symbol) [0x00BD61AC]&#10;	(No symbol) [0x00BD1EF3]&#10;	(No symbol) [0x00BD0579]&#10;	(No symbol) [0x00C00C55]&#10;	(No symbol) [0x00C0093C]&#10;	(No symbol) [0x00BFA536]&#10;	(No symbol) [0x00BD82DC]&#10;	(No symbol) [0x00BD93DD]&#10;	GetHandleVerifier [0x00F7AABD+2539405]&#10;	GetHandleVerifier [0x00FBA78F+2800735]&#10;	GetHandleVerifier [0x00FB456C+2775612]&#10;	GetHandleVerifier [0x00DA51E0+616112]&#10;	(No symbol) [0x00CB5F8C]&#10;	(No symbol) [0x00CB2328]&#10;	(No symbol) [0x00CB240B]&#10;	(No symbol) [0x00CA4FF7]&#10;	BaseThreadInitThunk [0x75BCFCC9+25]&#10;	RtlGetAppContainerNamedObjectPath [0x777482AE+286]&#10;	RtlGetAppContainerNamedObjectPath [0x7774827E+238]&#10;"/>
  </testcase>
  <testcase name="quit" classname="com.guru.CustomerIDPage_TestCase" time="0">
    <skipped/>
  </testcase>
</testsuite>